<?xml version="1.0" encoding="UTF-8"?>
<testng-results ignored="0" total="2" passed="2" failed="0" skipped="0">
  <reporter-output>
  </reporter-output>
  <suite started-at="2025-09-24T11:10:00 IST" name="AllureDemoSuite" finished-at="2025-09-24T11:10:01 IST" duration-ms="624">
    <groups>
    </groups>
    <test started-at="2025-09-24T11:10:00 IST" name="AllureDemoTests" finished-at="2025-09-24T11:10:01 IST" duration-ms="624">
      <class name="com.example.AppTest">
        <test-method signature="testAddition()[pri:0, instance:com.example.AppTest@37d4349f]" started-at="2025-09-24T11:10:00 IST" name="testAddition" finished-at="2025-09-24T11:10:00 IST" duration-ms="186" status="PASS">
          <reporter-output>
          </reporter-output>
        </test-method> <!-- testAddition -->
        <test-method signature="testSubstraction()[pri:0, instance:com.example.AppTest@37d4349f]" started-at="2025-09-24T11:10:00 IST" name="testSubstraction" finished-at="2025-09-24T11:10:01 IST" duration-ms="16" status="PASS">
          <reporter-output>
          </reporter-output>
        </test-method> <!-- testSubstraction -->
      </class> <!-- com.example.AppTest -->
    </test> <!-- AllureDemoTests -->
  </suite> <!-- AllureDemoSuite -->
</testng-results>
